2024-12-08 22:35:57 error: [InvalidArgumentException] There was a problem connecting to the database: SQLSTATE[HY000] [1045] Access denied for user 'default_username'@'localhost' (using password: YES) in /Users/remidieu/Documents/devlara/monrpojet/vendor/robmorgan/phinx/src/Phinx/Db/Adapter/PdoAdapter.php on line 98
Stack Trace:
- /Users/remidieu/Documents/devlara/monrpojet/vendor/robmorgan/phinx/src/Phinx/Db/Adapter/MysqlAdapter.php:158
- /Users/remidieu/Documents/devlara/monrpojet/vendor/robmorgan/phinx/src/Phinx/Db/Adapter/PdoAdapter.php:163
- /Users/remidieu/Documents/devlara/monrpojet/vendor/robmorgan/phinx/src/Phinx/Db/Adapter/AdapterWrapper.php:469
- /Users/remidieu/Documents/devlara/monrpojet/vendor/cakephp/migrations/src/CakeAdapter.php:51
- /Users/remidieu/Documents/devlara/monrpojet/vendor/cakephp/migrations/src/Command/Phinx/CommandTrait.php:83
- /Users/remidieu/Documents/devlara/monrpojet/vendor/robmorgan/phinx/src/Phinx/Console/Command/Migrate.php:64
- /Users/remidieu/Documents/devlara/monrpojet/vendor/cakephp/migrations/src/Command/Phinx/CommandTrait.php:37
- /Users/remidieu/Documents/devlara/monrpojet/vendor/cakephp/migrations/src/Command/Phinx/Migrate.php:85
- /Users/remidieu/Documents/devlara/monrpojet/vendor/symfony/console/Command/Command.php:326
- /Users/remidieu/Documents/devlara/monrpojet/vendor/symfony/console/Application.php:1078
- /Users/remidieu/Documents/devlara/monrpojet/vendor/symfony/console/Application.php:324
- /Users/remidieu/Documents/devlara/monrpojet/vendor/symfony/console/Application.php:175
- /Users/remidieu/Documents/devlara/monrpojet/vendor/cakephp/migrations/src/Command/MigrationsCommand.php:126
- /Users/remidieu/Documents/devlara/monrpojet/vendor/cakephp/cakephp/src/Console/BaseCommand.php:190
- /Users/remidieu/Documents/devlara/monrpojet/vendor/cakephp/migrations/src/Command/MigrationsCommand.php:198
- /Users/remidieu/Documents/devlara/monrpojet/vendor/cakephp/cakephp/src/Console/CommandRunner.php:334
- /Users/remidieu/Documents/devlara/monrpojet/vendor/cakephp/cakephp/src/Console/CommandRunner.php:172
- /Users/remidieu/Documents/devlara/monrpojet/bin/cake.php:12
- [main]:

Caused by: [PDOException] SQLSTATE[HY000] [1045] Access denied for user 'default_username'@'localhost' (using password: YES) in /Users/remidieu/Documents/devlara/monrpojet/vendor/robmorgan/phinx/src/Phinx/Db/Adapter/PdoAdapter.php on line 86
Stack Trace:
- /Users/remidieu/Documents/devlara/monrpojet/vendor/robmorgan/phinx/src/Phinx/Db/Adapter/PdoAdapter.php:86
- /Users/remidieu/Documents/devlara/monrpojet/vendor/robmorgan/phinx/src/Phinx/Db/Adapter/MysqlAdapter.php:158
- /Users/remidieu/Documents/devlara/monrpojet/vendor/robmorgan/phinx/src/Phinx/Db/Adapter/PdoAdapter.php:163
- /Users/remidieu/Documents/devlara/monrpojet/vendor/robmorgan/phinx/src/Phinx/Db/Adapter/AdapterWrapper.php:469
- /Users/remidieu/Documents/devlara/monrpojet/vendor/cakephp/migrations/src/CakeAdapter.php:51
- /Users/remidieu/Documents/devlara/monrpojet/vendor/cakephp/migrations/src/Command/Phinx/CommandTrait.php:83
- /Users/remidieu/Documents/devlara/monrpojet/vendor/robmorgan/phinx/src/Phinx/Console/Command/Migrate.php:64
- /Users/remidieu/Documents/devlara/monrpojet/vendor/cakephp/migrations/src/Command/Phinx/CommandTrait.php:37
- /Users/remidieu/Documents/devlara/monrpojet/vendor/cakephp/migrations/src/Command/Phinx/Migrate.php:85
- /Users/remidieu/Documents/devlara/monrpojet/vendor/symfony/console/Command/Command.php:326
- /Users/remidieu/Documents/devlara/monrpojet/vendor/symfony/console/Application.php:1078
- /Users/remidieu/Documents/devlara/monrpojet/vendor/symfony/console/Application.php:324
- /Users/remidieu/Documents/devlara/monrpojet/vendor/symfony/console/Application.php:175
- /Users/remidieu/Documents/devlara/monrpojet/vendor/cakephp/migrations/src/Command/MigrationsCommand.php:126
- /Users/remidieu/Documents/devlara/monrpojet/vendor/cakephp/cakephp/src/Console/BaseCommand.php:190
- /Users/remidieu/Documents/devlara/monrpojet/vendor/cakephp/migrations/src/Command/MigrationsCommand.php:198
- /Users/remidieu/Documents/devlara/monrpojet/vendor/cakephp/cakephp/src/Console/CommandRunner.php:334
- /Users/remidieu/Documents/devlara/monrpojet/vendor/cakephp/cakephp/src/Console/CommandRunner.php:172
- /Users/remidieu/Documents/devlara/monrpojet/bin/cake.php:12
- [main]:

2024-12-08 22:36:44 error: [InvalidArgumentException] There was a problem connecting to the database: SQLSTATE[HY000] [1698] Access denied for user 'remidieu'@'localhost' in /Users/remidieu/Documents/devlara/monrpojet/vendor/robmorgan/phinx/src/Phinx/Db/Adapter/PdoAdapter.php on line 98
Stack Trace:
- /Users/remidieu/Documents/devlara/monrpojet/vendor/robmorgan/phinx/src/Phinx/Db/Adapter/MysqlAdapter.php:158
- /Users/remidieu/Documents/devlara/monrpojet/vendor/robmorgan/phinx/src/Phinx/Db/Adapter/PdoAdapter.php:163
- /Users/remidieu/Documents/devlara/monrpojet/vendor/robmorgan/phinx/src/Phinx/Db/Adapter/AdapterWrapper.php:469
- /Users/remidieu/Documents/devlara/monrpojet/vendor/cakephp/migrations/src/CakeAdapter.php:51
- /Users/remidieu/Documents/devlara/monrpojet/vendor/cakephp/migrations/src/Command/Phinx/CommandTrait.php:83
- /Users/remidieu/Documents/devlara/monrpojet/vendor/robmorgan/phinx/src/Phinx/Console/Command/Migrate.php:64
- /Users/remidieu/Documents/devlara/monrpojet/vendor/cakephp/migrations/src/Command/Phinx/CommandTrait.php:37
- /Users/remidieu/Documents/devlara/monrpojet/vendor/cakephp/migrations/src/Command/Phinx/Migrate.php:85
- /Users/remidieu/Documents/devlara/monrpojet/vendor/symfony/console/Command/Command.php:326
- /Users/remidieu/Documents/devlara/monrpojet/vendor/symfony/console/Application.php:1078
- /Users/remidieu/Documents/devlara/monrpojet/vendor/symfony/console/Application.php:324
- /Users/remidieu/Documents/devlara/monrpojet/vendor/symfony/console/Application.php:175
- /Users/remidieu/Documents/devlara/monrpojet/vendor/cakephp/migrations/src/Command/MigrationsCommand.php:126
- /Users/remidieu/Documents/devlara/monrpojet/vendor/cakephp/cakephp/src/Console/BaseCommand.php:190
- /Users/remidieu/Documents/devlara/monrpojet/vendor/cakephp/migrations/src/Command/MigrationsCommand.php:198
- /Users/remidieu/Documents/devlara/monrpojet/vendor/cakephp/cakephp/src/Console/CommandRunner.php:334
- /Users/remidieu/Documents/devlara/monrpojet/vendor/cakephp/cakephp/src/Console/CommandRunner.php:172
- /Users/remidieu/Documents/devlara/monrpojet/bin/cake.php:12
- [main]:

Caused by: [PDOException] SQLSTATE[HY000] [1698] Access denied for user 'remidieu'@'localhost' in /Users/remidieu/Documents/devlara/monrpojet/vendor/robmorgan/phinx/src/Phinx/Db/Adapter/PdoAdapter.php on line 86
Stack Trace:
- /Users/remidieu/Documents/devlara/monrpojet/vendor/robmorgan/phinx/src/Phinx/Db/Adapter/PdoAdapter.php:86
- /Users/remidieu/Documents/devlara/monrpojet/vendor/robmorgan/phinx/src/Phinx/Db/Adapter/MysqlAdapter.php:158
- /Users/remidieu/Documents/devlara/monrpojet/vendor/robmorgan/phinx/src/Phinx/Db/Adapter/PdoAdapter.php:163
- /Users/remidieu/Documents/devlara/monrpojet/vendor/robmorgan/phinx/src/Phinx/Db/Adapter/AdapterWrapper.php:469
- /Users/remidieu/Documents/devlara/monrpojet/vendor/cakephp/migrations/src/CakeAdapter.php:51
- /Users/remidieu/Documents/devlara/monrpojet/vendor/cakephp/migrations/src/Command/Phinx/CommandTrait.php:83
- /Users/remidieu/Documents/devlara/monrpojet/vendor/robmorgan/phinx/src/Phinx/Console/Command/Migrate.php:64
- /Users/remidieu/Documents/devlara/monrpojet/vendor/cakephp/migrations/src/Command/Phinx/CommandTrait.php:37
- /Users/remidieu/Documents/devlara/monrpojet/vendor/cakephp/migrations/src/Command/Phinx/Migrate.php:85
- /Users/remidieu/Documents/devlara/monrpojet/vendor/symfony/console/Command/Command.php:326
- /Users/remidieu/Documents/devlara/monrpojet/vendor/symfony/console/Application.php:1078
- /Users/remidieu/Documents/devlara/monrpojet/vendor/symfony/console/Application.php:324
- /Users/remidieu/Documents/devlara/monrpojet/vendor/symfony/console/Application.php:175
- /Users/remidieu/Documents/devlara/monrpojet/vendor/cakephp/migrations/src/Command/MigrationsCommand.php:126
- /Users/remidieu/Documents/devlara/monrpojet/vendor/cakephp/cakephp/src/Console/BaseCommand.php:190
- /Users/remidieu/Documents/devlara/monrpojet/vendor/cakephp/migrations/src/Command/MigrationsCommand.php:198
- /Users/remidieu/Documents/devlara/monrpojet/vendor/cakephp/cakephp/src/Console/CommandRunner.php:334
- /Users/remidieu/Documents/devlara/monrpojet/vendor/cakephp/cakephp/src/Console/CommandRunner.php:172
- /Users/remidieu/Documents/devlara/monrpojet/bin/cake.php:12
- [main]:

2024-12-08 22:38:43 error: [InvalidArgumentException] There was a problem connecting to the database: SQLSTATE[HY000] [1698] Access denied for user 'remidieu'@'localhost' in /Users/remidieu/Documents/devlara/monrpojet/vendor/robmorgan/phinx/src/Phinx/Db/Adapter/PdoAdapter.php on line 98
Stack Trace:
- /Users/remidieu/Documents/devlara/monrpojet/vendor/robmorgan/phinx/src/Phinx/Db/Adapter/MysqlAdapter.php:158
- /Users/remidieu/Documents/devlara/monrpojet/vendor/robmorgan/phinx/src/Phinx/Db/Adapter/PdoAdapter.php:163
- /Users/remidieu/Documents/devlara/monrpojet/vendor/robmorgan/phinx/src/Phinx/Db/Adapter/AdapterWrapper.php:469
- /Users/remidieu/Documents/devlara/monrpojet/vendor/cakephp/migrations/src/CakeAdapter.php:51
- /Users/remidieu/Documents/devlara/monrpojet/vendor/cakephp/migrations/src/Command/Phinx/CommandTrait.php:83
- /Users/remidieu/Documents/devlara/monrpojet/vendor/robmorgan/phinx/src/Phinx/Console/Command/Migrate.php:64
- /Users/remidieu/Documents/devlara/monrpojet/vendor/cakephp/migrations/src/Command/Phinx/CommandTrait.php:37
- /Users/remidieu/Documents/devlara/monrpojet/vendor/cakephp/migrations/src/Command/Phinx/Migrate.php:85
- /Users/remidieu/Documents/devlara/monrpojet/vendor/symfony/console/Command/Command.php:326
- /Users/remidieu/Documents/devlara/monrpojet/vendor/symfony/console/Application.php:1078
- /Users/remidieu/Documents/devlara/monrpojet/vendor/symfony/console/Application.php:324
- /Users/remidieu/Documents/devlara/monrpojet/vendor/symfony/console/Application.php:175
- /Users/remidieu/Documents/devlara/monrpojet/vendor/cakephp/migrations/src/Command/MigrationsCommand.php:126
- /Users/remidieu/Documents/devlara/monrpojet/vendor/cakephp/cakephp/src/Console/BaseCommand.php:190
- /Users/remidieu/Documents/devlara/monrpojet/vendor/cakephp/migrations/src/Command/MigrationsCommand.php:198
- /Users/remidieu/Documents/devlara/monrpojet/vendor/cakephp/cakephp/src/Console/CommandRunner.php:334
- /Users/remidieu/Documents/devlara/monrpojet/vendor/cakephp/cakephp/src/Console/CommandRunner.php:172
- /Users/remidieu/Documents/devlara/monrpojet/bin/cake.php:12
- [main]:

Caused by: [PDOException] SQLSTATE[HY000] [1698] Access denied for user 'remidieu'@'localhost' in /Users/remidieu/Documents/devlara/monrpojet/vendor/robmorgan/phinx/src/Phinx/Db/Adapter/PdoAdapter.php on line 86
Stack Trace:
- /Users/remidieu/Documents/devlara/monrpojet/vendor/robmorgan/phinx/src/Phinx/Db/Adapter/PdoAdapter.php:86
- /Users/remidieu/Documents/devlara/monrpojet/vendor/robmorgan/phinx/src/Phinx/Db/Adapter/MysqlAdapter.php:158
- /Users/remidieu/Documents/devlara/monrpojet/vendor/robmorgan/phinx/src/Phinx/Db/Adapter/PdoAdapter.php:163
- /Users/remidieu/Documents/devlara/monrpojet/vendor/robmorgan/phinx/src/Phinx/Db/Adapter/AdapterWrapper.php:469
- /Users/remidieu/Documents/devlara/monrpojet/vendor/cakephp/migrations/src/CakeAdapter.php:51
- /Users/remidieu/Documents/devlara/monrpojet/vendor/cakephp/migrations/src/Command/Phinx/CommandTrait.php:83
- /Users/remidieu/Documents/devlara/monrpojet/vendor/robmorgan/phinx/src/Phinx/Console/Command/Migrate.php:64
- /Users/remidieu/Documents/devlara/monrpojet/vendor/cakephp/migrations/src/Command/Phinx/CommandTrait.php:37
- /Users/remidieu/Documents/devlara/monrpojet/vendor/cakephp/migrations/src/Command/Phinx/Migrate.php:85
- /Users/remidieu/Documents/devlara/monrpojet/vendor/symfony/console/Command/Command.php:326
- /Users/remidieu/Documents/devlara/monrpojet/vendor/symfony/console/Application.php:1078
- /Users/remidieu/Documents/devlara/monrpojet/vendor/symfony/console/Application.php:324
- /Users/remidieu/Documents/devlara/monrpojet/vendor/symfony/console/Application.php:175
- /Users/remidieu/Documents/devlara/monrpojet/vendor/cakephp/migrations/src/Command/MigrationsCommand.php:126
- /Users/remidieu/Documents/devlara/monrpojet/vendor/cakephp/cakephp/src/Console/BaseCommand.php:190
- /Users/remidieu/Documents/devlara/monrpojet/vendor/cakephp/migrations/src/Command/MigrationsCommand.php:198
- /Users/remidieu/Documents/devlara/monrpojet/vendor/cakephp/cakephp/src/Console/CommandRunner.php:334
- /Users/remidieu/Documents/devlara/monrpojet/vendor/cakephp/cakephp/src/Console/CommandRunner.php:172
- /Users/remidieu/Documents/devlara/monrpojet/bin/cake.php:12
- [main]:

2024-12-08 22:52:56 warning: Undefined variable $builder
Trace:
Cake\Http\BaseApplication->{closure}() /Users/remidieu/Documents/devlara/monrpojet/vendor/cakephp/cakephp/src/Http/BaseApplication.php, line 201
Cake\Http\BaseApplication->routes() /Users/remidieu/Documents/devlara/monrpojet/vendor/cakephp/cakephp/src/Console/CommandRunner.php, line 397
Cake\Console\CommandRunner->loadRoutes() /Users/remidieu/Documents/devlara/monrpojet/vendor/cakephp/cakephp/src/Console/CommandRunner.php, line 147
Cake\Console\CommandRunner->run() /Users/remidieu/Documents/devlara/monrpojet/bin/cake.php, line 12
[main]

2024-12-08 22:52:56 error: [Error] Call to a member function connect() on null in /Users/remidieu/Documents/devlara/monrpojet/config/routes.php on line 102
Stack Trace:
- /Users/remidieu/Documents/devlara/monrpojet/vendor/cakephp/cakephp/src/Http/BaseApplication.php:201
- /Users/remidieu/Documents/devlara/monrpojet/vendor/cakephp/cakephp/src/Console/CommandRunner.php:397
- /Users/remidieu/Documents/devlara/monrpojet/vendor/cakephp/cakephp/src/Console/CommandRunner.php:147
- /Users/remidieu/Documents/devlara/monrpojet/bin/cake.php:12
- [main]:

2024-12-08 22:53:07 warning: Undefined variable $builder
Trace:
Cake\Http\BaseApplication->{closure}() /Users/remidieu/Documents/devlara/monrpojet/vendor/cakephp/cakephp/src/Http/BaseApplication.php, line 201
Cake\Http\BaseApplication->routes() /Users/remidieu/Documents/devlara/monrpojet/vendor/cakephp/cakephp/src/Console/CommandRunner.php, line 397
Cake\Console\CommandRunner->loadRoutes() /Users/remidieu/Documents/devlara/monrpojet/vendor/cakephp/cakephp/src/Console/CommandRunner.php, line 147
Cake\Console\CommandRunner->run() /Users/remidieu/Documents/devlara/monrpojet/bin/cake.php, line 12
[main]

2024-12-08 22:53:07 error: [Error] Call to a member function connect() on null in /Users/remidieu/Documents/devlara/monrpojet/config/routes.php on line 102
Stack Trace:
- /Users/remidieu/Documents/devlara/monrpojet/vendor/cakephp/cakephp/src/Http/BaseApplication.php:201
- /Users/remidieu/Documents/devlara/monrpojet/vendor/cakephp/cakephp/src/Console/CommandRunner.php:397
- /Users/remidieu/Documents/devlara/monrpojet/vendor/cakephp/cakephp/src/Console/CommandRunner.php:147
- /Users/remidieu/Documents/devlara/monrpojet/bin/cake.php:12
- [main]:

2024-12-08 22:53:44 error: [Error] Call to undefined method Cake\Routing\Route\DashedRoute::setName() in /Users/remidieu/Documents/devlara/monrpojet/config/routes.php on line 97
Stack Trace:
- /Users/remidieu/Documents/devlara/monrpojet/vendor/cakephp/cakephp/src/Http/BaseApplication.php:201
- /Users/remidieu/Documents/devlara/monrpojet/vendor/cakephp/cakephp/src/Console/CommandRunner.php:397
- /Users/remidieu/Documents/devlara/monrpojet/vendor/cakephp/cakephp/src/Console/CommandRunner.php:147
- /Users/remidieu/Documents/devlara/monrpojet/bin/cake.php:12
- [main]:

2024-12-09 08:17:52 error: [InvalidArgumentException] There was a problem connecting to the database: SQLSTATE[HY000] [1044] Access denied for user ''@'localhost' to database 'laravel' in /Users/remidieu/Documents/devlara/monrpojet/vendor/robmorgan/phinx/src/Phinx/Db/Adapter/PdoAdapter.php on line 98
Stack Trace:
- /Users/remidieu/Documents/devlara/monrpojet/vendor/robmorgan/phinx/src/Phinx/Db/Adapter/MysqlAdapter.php:158
- /Users/remidieu/Documents/devlara/monrpojet/vendor/robmorgan/phinx/src/Phinx/Db/Adapter/PdoAdapter.php:163
- /Users/remidieu/Documents/devlara/monrpojet/vendor/robmorgan/phinx/src/Phinx/Db/Adapter/AdapterWrapper.php:469
- /Users/remidieu/Documents/devlara/monrpojet/vendor/cakephp/migrations/src/CakeAdapter.php:51
- /Users/remidieu/Documents/devlara/monrpojet/vendor/cakephp/migrations/src/Command/Phinx/CommandTrait.php:83
- /Users/remidieu/Documents/devlara/monrpojet/vendor/robmorgan/phinx/src/Phinx/Console/Command/Migrate.php:64
- /Users/remidieu/Documents/devlara/monrpojet/vendor/cakephp/migrations/src/Command/Phinx/CommandTrait.php:37
- /Users/remidieu/Documents/devlara/monrpojet/vendor/cakephp/migrations/src/Command/Phinx/Migrate.php:85
- /Users/remidieu/Documents/devlara/monrpojet/vendor/symfony/console/Command/Command.php:326
- /Users/remidieu/Documents/devlara/monrpojet/vendor/symfony/console/Application.php:1078
- /Users/remidieu/Documents/devlara/monrpojet/vendor/symfony/console/Application.php:324
- /Users/remidieu/Documents/devlara/monrpojet/vendor/symfony/console/Application.php:175
- /Users/remidieu/Documents/devlara/monrpojet/vendor/cakephp/migrations/src/Command/MigrationsCommand.php:126
- /Users/remidieu/Documents/devlara/monrpojet/vendor/cakephp/cakephp/src/Console/BaseCommand.php:190
- /Users/remidieu/Documents/devlara/monrpojet/vendor/cakephp/migrations/src/Command/MigrationsCommand.php:198
- /Users/remidieu/Documents/devlara/monrpojet/vendor/cakephp/cakephp/src/Console/CommandRunner.php:334
- /Users/remidieu/Documents/devlara/monrpojet/vendor/cakephp/cakephp/src/Console/CommandRunner.php:172
- /Users/remidieu/Documents/devlara/monrpojet/bin/cake.php:12
- [main]:

Caused by: [PDOException] SQLSTATE[HY000] [1044] Access denied for user ''@'localhost' to database 'laravel' in /Users/remidieu/Documents/devlara/monrpojet/vendor/robmorgan/phinx/src/Phinx/Db/Adapter/PdoAdapter.php on line 86
Stack Trace:
- /Users/remidieu/Documents/devlara/monrpojet/vendor/robmorgan/phinx/src/Phinx/Db/Adapter/PdoAdapter.php:86
- /Users/remidieu/Documents/devlara/monrpojet/vendor/robmorgan/phinx/src/Phinx/Db/Adapter/MysqlAdapter.php:158
- /Users/remidieu/Documents/devlara/monrpojet/vendor/robmorgan/phinx/src/Phinx/Db/Adapter/PdoAdapter.php:163
- /Users/remidieu/Documents/devlara/monrpojet/vendor/robmorgan/phinx/src/Phinx/Db/Adapter/AdapterWrapper.php:469
- /Users/remidieu/Documents/devlara/monrpojet/vendor/cakephp/migrations/src/CakeAdapter.php:51
- /Users/remidieu/Documents/devlara/monrpojet/vendor/cakephp/migrations/src/Command/Phinx/CommandTrait.php:83
- /Users/remidieu/Documents/devlara/monrpojet/vendor/robmorgan/phinx/src/Phinx/Console/Command/Migrate.php:64
- /Users/remidieu/Documents/devlara/monrpojet/vendor/cakephp/migrations/src/Command/Phinx/CommandTrait.php:37
- /Users/remidieu/Documents/devlara/monrpojet/vendor/cakephp/migrations/src/Command/Phinx/Migrate.php:85
- /Users/remidieu/Documents/devlara/monrpojet/vendor/symfony/console/Command/Command.php:326
- /Users/remidieu/Documents/devlara/monrpojet/vendor/symfony/console/Application.php:1078
- /Users/remidieu/Documents/devlara/monrpojet/vendor/symfony/console/Application.php:324
- /Users/remidieu/Documents/devlara/monrpojet/vendor/symfony/console/Application.php:175
- /Users/remidieu/Documents/devlara/monrpojet/vendor/cakephp/migrations/src/Command/MigrationsCommand.php:126
- /Users/remidieu/Documents/devlara/monrpojet/vendor/cakephp/cakephp/src/Console/BaseCommand.php:190
- /Users/remidieu/Documents/devlara/monrpojet/vendor/cakephp/migrations/src/Command/MigrationsCommand.php:198
- /Users/remidieu/Documents/devlara/monrpojet/vendor/cakephp/cakephp/src/Console/CommandRunner.php:334
- /Users/remidieu/Documents/devlara/monrpojet/vendor/cakephp/cakephp/src/Console/CommandRunner.php:172
- /Users/remidieu/Documents/devlara/monrpojet/bin/cake.php:12
- [main]:

2024-12-09 08:19:34 error: [InvalidArgumentException] There was a problem connecting to the database: SQLSTATE[HY000] [1044] Access denied for user ''@'localhost' to database 'laravel' in /Users/remidieu/Documents/devlara/monrpojet/vendor/robmorgan/phinx/src/Phinx/Db/Adapter/PdoAdapter.php on line 98
Stack Trace:
- /Users/remidieu/Documents/devlara/monrpojet/vendor/robmorgan/phinx/src/Phinx/Db/Adapter/MysqlAdapter.php:158
- /Users/remidieu/Documents/devlara/monrpojet/vendor/robmorgan/phinx/src/Phinx/Db/Adapter/PdoAdapter.php:163
- /Users/remidieu/Documents/devlara/monrpojet/vendor/robmorgan/phinx/src/Phinx/Db/Adapter/AdapterWrapper.php:469
- /Users/remidieu/Documents/devlara/monrpojet/vendor/cakephp/migrations/src/CakeAdapter.php:51
- /Users/remidieu/Documents/devlara/monrpojet/vendor/cakephp/migrations/src/Command/Phinx/CommandTrait.php:83
- /Users/remidieu/Documents/devlara/monrpojet/vendor/robmorgan/phinx/src/Phinx/Console/Command/Migrate.php:64
- /Users/remidieu/Documents/devlara/monrpojet/vendor/cakephp/migrations/src/Command/Phinx/CommandTrait.php:37
- /Users/remidieu/Documents/devlara/monrpojet/vendor/cakephp/migrations/src/Command/Phinx/Migrate.php:85
- /Users/remidieu/Documents/devlara/monrpojet/vendor/symfony/console/Command/Command.php:326
- /Users/remidieu/Documents/devlara/monrpojet/vendor/symfony/console/Application.php:1078
- /Users/remidieu/Documents/devlara/monrpojet/vendor/symfony/console/Application.php:324
- /Users/remidieu/Documents/devlara/monrpojet/vendor/symfony/console/Application.php:175
- /Users/remidieu/Documents/devlara/monrpojet/vendor/cakephp/migrations/src/Command/MigrationsCommand.php:126
- /Users/remidieu/Documents/devlara/monrpojet/vendor/cakephp/cakephp/src/Console/BaseCommand.php:190
- /Users/remidieu/Documents/devlara/monrpojet/vendor/cakephp/migrations/src/Command/MigrationsCommand.php:198
- /Users/remidieu/Documents/devlara/monrpojet/vendor/cakephp/cakephp/src/Console/CommandRunner.php:334
- /Users/remidieu/Documents/devlara/monrpojet/vendor/cakephp/cakephp/src/Console/CommandRunner.php:172
- /Users/remidieu/Documents/devlara/monrpojet/bin/cake.php:12
- [main]:

Caused by: [PDOException] SQLSTATE[HY000] [1044] Access denied for user ''@'localhost' to database 'laravel' in /Users/remidieu/Documents/devlara/monrpojet/vendor/robmorgan/phinx/src/Phinx/Db/Adapter/PdoAdapter.php on line 86
Stack Trace:
- /Users/remidieu/Documents/devlara/monrpojet/vendor/robmorgan/phinx/src/Phinx/Db/Adapter/PdoAdapter.php:86
- /Users/remidieu/Documents/devlara/monrpojet/vendor/robmorgan/phinx/src/Phinx/Db/Adapter/MysqlAdapter.php:158
- /Users/remidieu/Documents/devlara/monrpojet/vendor/robmorgan/phinx/src/Phinx/Db/Adapter/PdoAdapter.php:163
- /Users/remidieu/Documents/devlara/monrpojet/vendor/robmorgan/phinx/src/Phinx/Db/Adapter/AdapterWrapper.php:469
- /Users/remidieu/Documents/devlara/monrpojet/vendor/cakephp/migrations/src/CakeAdapter.php:51
- /Users/remidieu/Documents/devlara/monrpojet/vendor/cakephp/migrations/src/Command/Phinx/CommandTrait.php:83
- /Users/remidieu/Documents/devlara/monrpojet/vendor/robmorgan/phinx/src/Phinx/Console/Command/Migrate.php:64
- /Users/remidieu/Documents/devlara/monrpojet/vendor/cakephp/migrations/src/Command/Phinx/CommandTrait.php:37
- /Users/remidieu/Documents/devlara/monrpojet/vendor/cakephp/migrations/src/Command/Phinx/Migrate.php:85
- /Users/remidieu/Documents/devlara/monrpojet/vendor/symfony/console/Command/Command.php:326
- /Users/remidieu/Documents/devlara/monrpojet/vendor/symfony/console/Application.php:1078
- /Users/remidieu/Documents/devlara/monrpojet/vendor/symfony/console/Application.php:324
- /Users/remidieu/Documents/devlara/monrpojet/vendor/symfony/console/Application.php:175
- /Users/remidieu/Documents/devlara/monrpojet/vendor/cakephp/migrations/src/Command/MigrationsCommand.php:126
- /Users/remidieu/Documents/devlara/monrpojet/vendor/cakephp/cakephp/src/Console/BaseCommand.php:190
- /Users/remidieu/Documents/devlara/monrpojet/vendor/cakephp/migrations/src/Command/MigrationsCommand.php:198
- /Users/remidieu/Documents/devlara/monrpojet/vendor/cakephp/cakephp/src/Console/CommandRunner.php:334
- /Users/remidieu/Documents/devlara/monrpojet/vendor/cakephp/cakephp/src/Console/CommandRunner.php:172
- /Users/remidieu/Documents/devlara/monrpojet/bin/cake.php:12
- [main]:

